2018-02-22 13:20:26,912 [main] ERROR com.alibaba.dubbo.container.Main (Main.java:86) -  [DUBBO] Failed to register dubbo://192.168.1.147:20881/com.huc.app.service.UserService?anyhost=true&application=app-provider&dubbo=2.5.4&generic=false&interface=com.huc.app.service.UserService&loadbalance=roundrobin&methods=getList&pid=691&side=provider&timestamp=1519276826331 to registry 127.0.0.1:6379, cause: Failed to register service to redis registry. registry: 127.0.0.1:6379, service: dubbo://192.168.1.147:20881/com.huc.app.service.UserService?anyhost=true&application=app-provider&dubbo=2.5.4&generic=false&interface=com.huc.app.service.UserService&loadbalance=roundrobin&methods=getList&pid=691&side=provider&timestamp=1519276826331, cause: Could not get a resource from the pool, dubbo version: 2.5.4, current host: 127.0.0.1
java.lang.IllegalStateException: Failed to register dubbo://192.168.1.147:20881/com.huc.app.service.UserService?anyhost=true&application=app-provider&dubbo=2.5.4&generic=false&interface=com.huc.app.service.UserService&loadbalance=roundrobin&methods=getList&pid=691&side=provider&timestamp=1519276826331 to registry 127.0.0.1:6379, cause: Failed to register service to redis registry. registry: 127.0.0.1:6379, service: dubbo://192.168.1.147:20881/com.huc.app.service.UserService?anyhost=true&application=app-provider&dubbo=2.5.4&generic=false&interface=com.huc.app.service.UserService&loadbalance=roundrobin&methods=getList&pid=691&side=provider&timestamp=1519276826331, cause: Could not get a resource from the pool
	at com.alibaba.dubbo.registry.support.FailbackRegistry.register(FailbackRegistry.java:149)
	at com.alibaba.dubbo.registry.integration.RegistryProtocol.export(RegistryProtocol.java:120)
	at com.alibaba.dubbo.rpc.protocol.ProtocolListenerWrapper.export(ProtocolListenerWrapper.java:54)
	at com.alibaba.dubbo.rpc.protocol.ProtocolFilterWrapper.export(ProtocolFilterWrapper.java:92)
	at com.alibaba.dubbo.rpc.Protocol$Adpative.export(Protocol$Adpative.java)
	at com.alibaba.dubbo.config.ServiceConfig.doExportUrlsFor1Protocol(ServiceConfig.java:550)
	at com.alibaba.dubbo.config.ServiceConfig.doExportUrls(ServiceConfig.java:346)
	at com.alibaba.dubbo.config.ServiceConfig.doExport(ServiceConfig.java:307)
	at com.alibaba.dubbo.config.ServiceConfig.export(ServiceConfig.java:206)
	at com.alibaba.dubbo.config.spring.ServiceBean.onApplicationEvent(ServiceBean.java:109)
	at org.springframework.context.event.SimpleApplicationEventMulticaster.invokeListener(SimpleApplicationEventMulticaster.java:167)
	at org.springframework.context.event.SimpleApplicationEventMulticaster.multicastEvent(SimpleApplicationEventMulticaster.java:139)
	at org.springframework.context.support.AbstractApplicationContext.publishEvent(AbstractApplicationContext.java:393)
	at org.springframework.context.support.AbstractApplicationContext.publishEvent(AbstractApplicationContext.java:347)
	at org.springframework.context.support.AbstractApplicationContext.finishRefresh(AbstractApplicationContext.java:883)
	at org.springframework.context.support.AbstractApplicationContext.refresh(AbstractApplicationContext.java:546)
	at org.springframework.context.support.ClassPathXmlApplicationContext.<init>(ClassPathXmlApplicationContext.java:139)
	at org.springframework.context.support.ClassPathXmlApplicationContext.<init>(ClassPathXmlApplicationContext.java:93)
	at com.alibaba.dubbo.container.spring.SpringContainer.start(SpringContainer.java:46)
	at com.alibaba.dubbo.container.Main.main(Main.java:80)
	at com.alibaba.dubbo.demo.provider.Provider.main(Provider.java:9)
Caused by: com.alibaba.dubbo.rpc.RpcException: Failed to register service to redis registry. registry: 127.0.0.1:6379, service: dubbo://192.168.1.147:20881/com.huc.app.service.UserService?anyhost=true&application=app-provider&dubbo=2.5.4&generic=false&interface=com.huc.app.service.UserService&loadbalance=roundrobin&methods=getList&pid=691&side=provider&timestamp=1519276826331, cause: Could not get a resource from the pool
	at com.alibaba.dubbo.registry.redis.RedisRegistry.doRegister(RedisRegistry.java:280)
	at com.alibaba.dubbo.registry.support.FailbackRegistry.register(FailbackRegistry.java:136)
	... 20 more
Caused by: redis.clients.jedis.exceptions.JedisConnectionException: Could not get a resource from the pool
	at redis.clients.util.Pool.getResource(Pool.java:53)
	at redis.clients.jedis.JedisPool.getResource(JedisPool.java:226)
	at com.alibaba.dubbo.registry.redis.RedisRegistry.doRegister(RedisRegistry.java:268)
	... 21 more
Caused by: redis.clients.jedis.exceptions.JedisConnectionException: java.net.ConnectException: Connection refused (Connection refused)
	at redis.clients.jedis.Connection.connect(Connection.java:207)
	at redis.clients.jedis.BinaryClient.connect(BinaryClient.java:93)
	at redis.clients.jedis.BinaryJedis.connect(BinaryJedis.java:1767)
	at redis.clients.jedis.JedisFactory.makeObject(JedisFactory.java:106)
	at org.apache.commons.pool2.impl.GenericObjectPool.create(GenericObjectPool.java:819)
	at org.apache.commons.pool2.impl.GenericObjectPool.borrowObject(GenericObjectPool.java:429)
	at org.apache.commons.pool2.impl.GenericObjectPool.borrowObject(GenericObjectPool.java:360)
	at redis.clients.util.Pool.getResource(Pool.java:49)
	... 23 more
Caused by: java.net.ConnectException: Connection refused (Connection refused)
	at java.net.PlainSocketImpl.socketConnect(Native Method)
	at java.net.AbstractPlainSocketImpl.doConnect(AbstractPlainSocketImpl.java:350)
	at java.net.AbstractPlainSocketImpl.connectToAddress(AbstractPlainSocketImpl.java:206)
	at java.net.AbstractPlainSocketImpl.connect(AbstractPlainSocketImpl.java:188)
	at java.net.SocksSocketImpl.connect(SocksSocketImpl.java:392)
	at java.net.Socket.connect(Socket.java:589)
	at redis.clients.jedis.Connection.connect(Connection.java:184)
	... 30 more
2018-02-22 13:31:37,715 [DubboServerHandler-192.168.1.147:20881-thread-2] ERROR com.alibaba.dubbo.monitor.support.MonitorFilter (MonitorFilter.java:124) -  [DUBBO] Failed to monitor count service dubbo://192.168.1.147:20881/com.huc.app.service.UserService?anyhost=true&application=app-provider&dubbo=2.5.4&generic=false&interface=com.huc.app.service.UserService&loadbalance=roundrobin&methods=getList&monitor=dubbo%3A%2F%2F127.0.0.1%3A6379%2Fcom.alibaba.dubbo.registry.RegistryService%3Fapplication%3Dapp-provider%26dubbo%3D2.5.4%26pid%3D788%26protocol%3Dregistry%26refer%3Ddubbo%253D2.5.4%2526interface%253Dcom.alibaba.dubbo.monitor.MonitorService%2526pid%253D788%2526timestamp%253D1519277410422%26registry%3Dredis%26timestamp%3D1519277410314&pid=788&side=provider&timestamp=1519277410334, cause: Unsupported redis cluster: failsafe. The redis cluster only supported failover or replicate., dubbo version: 2.5.4, current host: 127.0.0.1
java.lang.IllegalArgumentException: Unsupported redis cluster: failsafe. The redis cluster only supported failover or replicate.
	at com.alibaba.dubbo.registry.redis.RedisRegistry.<init>(RedisRegistry.java:110)
	at com.alibaba.dubbo.registry.redis.RedisRegistryFactory.getRegistry(RedisRegistryFactory.java:30)
	at com.alibaba.dubbo.registry.RegistryFactory$Adpative.getRegistry(RegistryFactory$Adpative.java)
	at com.alibaba.dubbo.registry.integration.RegistryProtocol.refer(RegistryProtocol.java:255)
	at com.alibaba.dubbo.rpc.protocol.ProtocolListenerWrapper.refer(ProtocolListenerWrapper.java:63)
	at com.alibaba.dubbo.rpc.protocol.ProtocolFilterWrapper.refer(ProtocolFilterWrapper.java:99)
	at com.alibaba.dubbo.rpc.Protocol$Adpative.refer(Protocol$Adpative.java)
	at com.alibaba.dubbo.monitor.dubbo.DubboMonitorFactroy.createMonitor(DubboMonitorFactroy.java:60)
	at com.alibaba.dubbo.monitor.support.AbstractMonitorFactory.getMonitor(AbstractMonitorFactory.java:56)
	at com.alibaba.dubbo.monitor.MonitorFactory$Adpative.getMonitor(MonitorFactory$Adpative.java)
	at com.alibaba.dubbo.monitor.support.MonitorFilter.collect(MonitorFilter.java:89)
	at com.alibaba.dubbo.monitor.support.MonitorFilter.invoke(MonitorFilter.java:66)
	at com.alibaba.dubbo.rpc.protocol.ProtocolFilterWrapper$1.invoke(ProtocolFilterWrapper.java:69)
	at com.alibaba.dubbo.rpc.filter.TimeoutFilter.invoke(TimeoutFilter.java:42)
	at com.alibaba.dubbo.rpc.protocol.ProtocolFilterWrapper$1.invoke(ProtocolFilterWrapper.java:69)
	at com.alibaba.dubbo.rpc.protocol.dubbo.filter.TraceFilter.invoke(TraceFilter.java:78)
	at com.alibaba.dubbo.rpc.protocol.ProtocolFilterWrapper$1.invoke(ProtocolFilterWrapper.java:69)
	at com.alibaba.dubbo.rpc.filter.ContextFilter.invoke(ContextFilter.java:61)
	at com.alibaba.dubbo.rpc.protocol.ProtocolFilterWrapper$1.invoke(ProtocolFilterWrapper.java:69)
	at com.alibaba.dubbo.rpc.filter.GenericFilter.invoke(GenericFilter.java:132)
	at com.alibaba.dubbo.rpc.protocol.ProtocolFilterWrapper$1.invoke(ProtocolFilterWrapper.java:69)
	at com.alibaba.dubbo.rpc.filter.ClassLoaderFilter.invoke(ClassLoaderFilter.java:38)
	at com.alibaba.dubbo.rpc.protocol.ProtocolFilterWrapper$1.invoke(ProtocolFilterWrapper.java:69)
	at com.alibaba.dubbo.rpc.filter.EchoFilter.invoke(EchoFilter.java:38)
	at com.alibaba.dubbo.rpc.protocol.ProtocolFilterWrapper$1.invoke(ProtocolFilterWrapper.java:69)
	at com.alibaba.dubbo.rpc.protocol.dubbo.DubboProtocol$1.reply(DubboProtocol.java:102)
	at com.alibaba.dubbo.remoting.exchange.support.header.HeaderExchangeHandler.handleRequest(HeaderExchangeHandler.java:98)
	at com.alibaba.dubbo.remoting.exchange.support.header.HeaderExchangeHandler.received(HeaderExchangeHandler.java:170)
	at com.alibaba.dubbo.remoting.transport.DecodeHandler.received(DecodeHandler.java:52)
	at com.alibaba.dubbo.remoting.transport.dispatcher.ChannelEventRunnable.run(ChannelEventRunnable.java:81)
	at java.util.concurrent.ThreadPoolExecutor.runWorker(ThreadPoolExecutor.java:1149)
	at java.util.concurrent.ThreadPoolExecutor$Worker.run(ThreadPoolExecutor.java:624)
	at java.lang.Thread.run(Thread.java:748)
2018-02-22 13:31:37,755 [New I/O server worker #1-1] WARN  com.alibaba.dubbo.remoting.transport.AbstractServer (AbstractServer.java:199) -  [DUBBO] All clients has discontected from /192.168.1.147:20881. You can graceful shutdown now., dubbo version: 2.5.4, current host: 127.0.0.1
